  main.cpp
main.cpp(81): warning C4244: 'initialisation' : conversion de 'double' en 'int', perte possible de données
main.cpp(82): warning C4244: 'initialisation' : conversion de 'double' en 'int', perte possible de données
main.cpp(83): warning C4244: 'initialisation' : conversion de 'double' en 'int', perte possible de données
main.cpp(141): warning C4244: 'argument' : conversion de 'double' en 'int', perte possible de données
main.cpp(144): warning C4244: 'argument' : conversion de 'double' en 'int', perte possible de données
main.cpp(159): warning C4244: 'initialisation' : conversion de 'double' en 'int', perte possible de données
main.cpp(160): warning C4244: 'initialisation' : conversion de 'double' en 'int', perte possible de données
main.cpp(163): warning C4244: 'initialisation' : conversion de 'double' en 'int', perte possible de données
main.cpp(164): warning C4244: 'initialisation' : conversion de 'double' en 'int', perte possible de données
main.cpp(167): warning C4244: 'initialisation' : conversion de 'double' en 'int', perte possible de données
main.cpp(168): warning C4244: 'initialisation' : conversion de 'double' en 'int', perte possible de données
main.cpp(210): warning C4018: '<' : incompatibilité signed/unsigned
main.cpp(212): warning C4018: '<' : incompatibilité signed/unsigned
main.cpp(223): warning C4018: '<' : incompatibilité signed/unsigned
main.cpp(246): warning C4018: '<' : incompatibilité signed/unsigned
main.cpp(253): warning C4018: '<' : incompatibilité signed/unsigned
main.cpp(269): warning C4018: '<' : incompatibilité signed/unsigned
main.cpp(283): warning C4018: '<' : incompatibilité signed/unsigned
main.cpp(292): warning C4018: '<' : incompatibilité signed/unsigned
main.cpp(346): warning C4018: '<' : incompatibilité signed/unsigned
main.cpp(347): warning C4018: '<' : incompatibilité signed/unsigned
main.cpp(362): warning C4018: '<' : incompatibilité signed/unsigned
main.cpp(363): warning C4018: '<' : incompatibilité signed/unsigned
main.cpp(391): warning C4018: '<' : incompatibilité signed/unsigned
main.cpp(419): warning C4244: 'initialisation' : conversion de 'double' en 'int', perte possible de données
main.cpp(444): warning C4018: '<' : incompatibilité signed/unsigned
main.cpp(462): warning C4018: '<' : incompatibilité signed/unsigned
main.cpp(480): warning C4018: '<' : incompatibilité signed/unsigned
main.cpp(492): warning C4018: '<' : incompatibilité signed/unsigned
main.cpp(532): warning C4018: '<' : incompatibilité signed/unsigned
  Génération de code en cours
c:\users\aurel\documents\visual studio 2015\projects\projetsig\projetsig\main.cpp(207): warning C4715: 'lectureVerrouille' : les chemins de contrôle ne retournent pas tous une valeur
c:\users\aurel\documents\visual studio 2015\projects\projetsig\projetsig\main.cpp(53): warning C4715: 'lectureSommets' : les chemins de contrôle ne retournent pas tous une valeur
c:\users\aurel\documents\visual studio 2015\projects\projetsig\projetsig\main.cpp(98): warning C4715: 'lectureTriangles' : les chemins de contrôle ne retournent pas tous une valeur
  14 of 590 functions ( 2.4%) were compiled, the rest were copied from previous compilation.
    0 functions were new in current compilation
    32 functions had inline decision re-evaluated but remain unchanged
  Fin de la génération du code
  ProjetSIG.vcxproj -> C:\Users\aurel\Documents\Visual Studio 2015\Projects\ProjetSIG\Release\ProjetSIG.exe
  ProjetSIG.vcxproj -> C:\Users\aurel\Documents\Visual Studio 2015\Projects\ProjetSIG\Release\ProjetSIG.pdb (Full PDB)
